<?xml version="1.0" encoding="UTF-8"?>
<testsuite xmlns:xsi="http://www.w3.org/2001/XMLSchema-instance" xsi:noNamespaceSchemaLocation="https://maven.apache.org/surefire/maven-surefire-plugin/xsd/surefire-test-report-3.0.xsd" version="3.0" name="com.lukemcewen.morrgan_api.MorrganApiApplicationTests" time="2.384" tests="1" errors="0" skipped="0" failures="0">
  <properties>
[...]
</properties>
  <testcase name="contextLoads" classname="com.lukemcewen.morrgan_api.MorrganApiApplicationTests" time="0.626">
    <system-out><![CDATA[22:40:24.419 [main] INFO org.springframework.test.context.support.AnnotationConfigContextLoaderUtils -- Could not detect default configuration classes for test class [com.lukemcewen.morrgan_api.MorrganApiApplicationTests]: MorrganApiApplicationTests does not declare any static, non-private, non-final, nested classes annotated with @Configuration.
22:40:24.512 [main] INFO org.springframework.boot.test.context.SpringBootTestContextBootstrapper -- Found @SpringBootConfiguration com.lukemcewen.morrgan_api.MorrganApiApplication for test class com.lukemcewen.morrgan_api.MorrganApiApplicationTests

  .   ____          _            __ _ _
 /\\ / ___'_ __ _ _(_)_ __  __ _ \ \ \ \
( ( )\___ | '_ | '_| | '_ \/ _` | \ \ \ \
 \\/  ___)| |_)| | | | | || (_| |  ) ) ) )
  '  |____| .__|_| |_|_| |_\__, | / / / /
 =========|_|==============|___/=/_/_/_/

 :: Spring Boot ::                (v3.3.1)

2024-06-30T22:40:24.890-04:00  INFO 29784 --- [morrgan-api] [           main] c.l.m.MorrganApiApplicationTests         : Starting MorrganApiApplicationTests using Java 17.0.1 with PID 29784 (started by lukem in C:\Users\lukem\Documents\mavenprojects\morrgan-api)
2024-06-30T22:40:24.891-04:00  INFO 29784 --- [morrgan-api] [           main] c.l.m.MorrganApiApplicationTests         : No active profile set, falling back to 1 default profile: "default"
2024-06-30T22:40:26.028-04:00  INFO 29784 --- [morrgan-api] [           main] c.l.m.MorrganApiApplicationTests         : Started MorrganApiApplicationTests in 1.367 seconds (process running for 2.163)
]]></system-out>
  </testcase>
</testsuite>